<?xml version="1.0" encoding="UTF-8"?>
<!-- Generated by org.testng.reporters.JUnitReportReporter -->
<testsuite hostname="Drupath_D" failures="0" tests="1" name="testtnggg.Guru99fileupload" time="11.889" errors="0" timestamp="2024-07-18T09:33:15 IST" skipped="0">
  <testcase classname="testtnggg.Guru99fileupload" name="test" time="11.889"/>
  <system-out/>
</testsuite> <!-- testtnggg.Guru99fileupload -->
