<?xml version="1.0" encoding="UTF-8"?>
<!-- Generated by org.testng.reporters.JUnitReportReporter -->
<testsuite hostname="Drupath_D" failures="0" tests="1" name="testtnggg.Fileupload" time="4.171" errors="0" timestamp="2024-07-25T00:29:28 IST" skipped="0">
  <testcase classname="testtnggg.Fileupload" name="before" time="4.171"/>
  <system-out/>
</testsuite> <!-- testtnggg.Fileupload -->
