<?xml version="1.0" encoding="UTF-8"?>
<!-- Generated by org.testng.reporters.JUnitReportReporter -->
<testsuite hostname="Drupath_D" failures="0" tests="1" name="test.Cashonpickupsampom" time="3.201" errors="0" timestamp="2024-07-20T00:17:11 IST" skipped="0">
  <testcase classname="test.Cashonpickupsampom" name="test1" time="3.201"/>
  <system-out/>
</testsuite> <!-- test.Cashonpickupsampom -->
