<?xml version="1.0" encoding="UTF-8"?>
<!-- Generated by org.testng.reporters.JUnitReportReporter -->
<testsuite hostname="Drupath_D" failures="0" tests="1" name="test.Fbcreatepagepom" time="3.519" errors="0" timestamp="2024-07-19T10:05:24 IST" skipped="0">
  <testcase classname="test.Fbcreatepagepom" name="test2" time="3.519"/>
  <system-out/>
</testsuite> <!-- test.Fbcreatepagepom -->
