<?xml version="1.0" encoding="UTF-8"?>
<!-- Generated by org.testng.reporters.JUnitReportReporter -->
<testsuite hostname="Drupath_D" failures="0" tests="1" name="testtnggg.Brrrrrrrrroken" time="115.467" errors="0" timestamp="2024-07-15T12:35:23 IST" skipped="0">
  <testcase classname="testtnggg.Brrrrrrrrroken" name="test" time="115.467"/>
  <system-out/>
</testsuite> <!-- testtnggg.Brrrrrrrrroken -->
