<?xml version="1.0" encoding="UTF-8"?>
<!-- Generated by org.testng.reporters.JUnitReportReporter -->
<testsuite hostname="Drupath_D" failures="0" tests="4" name="testtnggg.Facebookextentreports" time="0.237" errors="0" timestamp="2024-07-23T22:03:25 IST" skipped="0">
  <testcase classname="testtnggg.Facebookextentreports" name="test4" time="0.059"/>
  <system-out/>
  <testcase classname="testtnggg.Facebookextentreports" name="test2" time="0.082"/>
  <system-out/>
  <testcase classname="testtnggg.Facebookextentreports" name="test3" time="0.081"/>
  <system-out/>
  <testcase classname="testtnggg.Facebookextentreports" name="test1" time="0.015"/>
  <system-out/>
</testsuite> <!-- testtnggg.Facebookextentreports -->
