<?xml version="1.0" encoding="UTF-8"?>
<!-- Generated by org.testng.reporters.JUnitReportReporter -->
<testsuite hostname="Drupath_D" failures="0" tests="1" name="testtnggg.Dropdown" time="0.490" errors="0" timestamp="2024-07-24T10:13:55 IST" skipped="0">
  <testcase classname="testtnggg.Dropdown" name="test" time="0.490"/>
  <system-out/>
</testsuite> <!-- testtnggg.Dropdown -->
