<?xml version="1.0" encoding="UTF-8"?>
<!-- Generated by org.testng.reporters.JUnitReportReporter -->
<testsuite hostname="Drupath_D" failures="0" tests="1" name="testtnggg.Fileeeeupload" time="5.309" errors="0" timestamp="2024-07-25T00:07:29 IST" skipped="0">
  <testcase classname="testtnggg.Fileeeeupload" name="before" time="5.309"/>
  <system-out/>
</testsuite> <!-- testtnggg.Fileeeeupload -->
