<?xml version="1.0" encoding="UTF-8"?>
<!-- Generated by org.testng.reporters.JUnitReportReporter -->
<testsuite hostname="Drupath_D" failures="0" tests="1" name="test.Cashonpickuponepom" time="1.752" errors="0" timestamp="2024-07-20T00:17:11 IST" skipped="0">
  <testcase classname="test.Cashonpickuponepom" name="test2" time="1.752"/>
  <system-out/>
</testsuite> <!-- test.Cashonpickuponepom -->
