<?xml version="1.0" encoding="UTF-8"?>
<!-- Generated by org.testng.reporters.JUnitReportReporter -->
<testsuite hostname="Drupath_D" failures="0" tests="1" name="testtnggg.Draganddrop" time="32.513" errors="0" timestamp="2024-07-10T11:10:40 IST" skipped="0">
  <testcase classname="testtnggg.Draganddrop" name="test" time="32.513"/>
  <system-out/>
</testsuite> <!-- testtnggg.Draganddrop -->
