<?xml version="1.0" encoding="UTF-8"?>
<!-- Generated by org.testng.reporters.JUnitReportReporter -->
<testsuite hostname="Drupath_D" failures="0" tests="3" name="testtnggg.Crossbrowser" time="11.860" errors="0" timestamp="2024-07-12T10:59:51 IST" skipped="0">
  <testcase classname="testtnggg.Crossbrowser" name="test" time="5.343"/>
  <system-out/>
  <testcase classname="testtnggg.Crossbrowser" name="test" time="2.189"/>
  <system-out/>
  <testcase classname="testtnggg.Crossbrowser" name="test" time="4.328"/>
  <system-out/>
</testsuite> <!-- testtnggg.Crossbrowser -->
