<?xml version="1.0" encoding="UTF-8"?>
<!-- Generated by org.testng.reporters.JUnitReportReporter -->
<testsuite hostname="Drupath_D" failures="0" tests="1" name="test.Fbloginpom" time="0.649" errors="0" timestamp="2024-07-19T09:59:00 IST" skipped="0">
  <testcase classname="test.Fbloginpom" name="test1" time="0.649"/>
  <system-out/>
</testsuite> <!-- test.Fbloginpom -->
