<?xml version="1.0" encoding="UTF-8"?>
<!-- Generated by org.testng.reporters.JUnitReportReporter -->
<testsuite hostname="Drupath_D" failures="0" tests="4" name="testtnggg.Linkslinkedin" time="1.379" errors="0" timestamp="2024-07-10T17:14:10 IST" skipped="0">
  <testcase classname="testtnggg.Linkslinkedin" name="test1" time="0.058"/>
  <system-out/>
  <testcase classname="testtnggg.Linkslinkedin" name="test3" time="0.001"/>
  <system-out/>
  <testcase classname="testtnggg.Linkslinkedin" name="test4" time="0.001"/>
  <system-out/>
  <testcase classname="testtnggg.Linkslinkedin" name="test2" time="1.319"/>
  <system-out/>
</testsuite> <!-- testtnggg.Linkslinkedin -->
