<?xml version="1.0" encoding="UTF-8"?>
<!-- Generated by org.testng.reporters.JUnitReportReporter -->
<testsuite hostname="Drupath_D" failures="0" tests="1" name="test.Vrlbuspom" time="11.989" errors="0" timestamp="2024-07-30T14:03:30 IST" skipped="0">
  <testcase classname="test.Vrlbuspom" name="test1" time="11.989"/>
  <system-out/>
</testsuite> <!-- test.Vrlbuspom -->
