<?xml version="1.0" encoding="UTF-8"?>
<!-- Generated by org.testng.reporters.JUnitReportReporter -->
<testsuite hostname="Drupath_D" failures="0" tests="1" name="testtnggg.Googlelogoverification" time="3.128" errors="0" timestamp="2024-07-22T10:25:18 IST" skipped="0">
  <testcase classname="testtnggg.Googlelogoverification" name="logover" time="3.128"/>
  <system-out/>
</testsuite> <!-- testtnggg.Googlelogoverification -->
