<?xml version="1.0" encoding="UTF-8"?>
<!-- Generated by org.testng.reporters.JUnitReportReporter -->
<testsuite hostname="Drupath_D" failures="0" tests="1" name="test.Cashonpickonepom" time="2.305" errors="0" timestamp="2024-07-30T13:59:12 IST" skipped="0">
  <testcase classname="test.Cashonpickonepom" name="test2" time="2.305"/>
  <system-out/>
</testsuite> <!-- test.Cashonpickonepom -->
