<?xml version="1.0" encoding="UTF-8"?>
<!-- Generated by org.testng.reporters.JUnitReportReporter -->
<testsuite hostname="Drupath_D" failures="0" tests="1" name="testtnggg.Automationdemosite" time="21.228" errors="0" timestamp="2024-07-25T22:24:01 IST" skipped="0">
  <testcase classname="testtnggg.Automationdemosite" name="test" time="21.228"/>
  <system-out/>
</testsuite> <!-- testtnggg.Automationdemosite -->
