<?xml version="1.0" encoding="UTF-8"?>
<!-- Generated by org.testng.reporters.JUnitReportReporter -->
<testsuite hostname="Drupath_D" failures="0" tests="1" name="testtnggg.Datadrivenfb" time="23.965" errors="0" timestamp="2024-07-16T09:19:04 IST" skipped="0">
  <testcase classname="testtnggg.Datadrivenfb" name="fbtest" time="23.965"/>
  <system-out/>
</testsuite> <!-- testtnggg.Datadrivenfb -->
