<?xml version="1.0" encoding="UTF-8"?>
<!-- Generated by org.testng.reporters.JUnitReportReporter -->
<testsuite hostname="Drupath_D" failures="0" tests="1" name="testtnggg.Ebayhover" time="4.563" errors="0" timestamp="2024-07-24T10:12:45 IST" skipped="0">
  <testcase classname="testtnggg.Ebayhover" name="test" time="4.563"/>
  <system-out/>
</testsuite> <!-- testtnggg.Ebayhover -->
