<?xml version="1.0" encoding="UTF-8"?>
<!-- Generated by org.testng.reporters.JUnitReportReporter -->
<testsuite hostname="Drupath_D" failures="0" tests="1" name="testtnggg.Copypaste" time="5.684" errors="0" timestamp="2024-07-10T10:09:30 IST" skipped="0">
  <testcase classname="testtnggg.Copypaste" name="test" time="5.684"/>
  <system-out/>
</testsuite> <!-- testtnggg.Copypaste -->
