<?xml version="1.0" encoding="UTF-8"?>
<!-- Generated by org.testng.reporters.JUnitReportReporter -->
<testsuite hostname="Drupath_D" failures="0" tests="1" name="testtnggg.Guru99demo" time="9.781" errors="0" timestamp="2024-07-11T10:14:37 IST" skipped="0">
  <testcase classname="testtnggg.Guru99demo" name="test" time="9.781"/>
  <system-out/>
</testsuite> <!-- testtnggg.Guru99demo -->
