<?xml version="1.0" encoding="UTF-8"?>
<!-- Generated by org.testng.reporters.JUnitReportReporter -->
<testsuite hostname="Drupath_D" failures="0" tests="1" name="test.Cashonpicksampom" time="3.490" errors="0" timestamp="2024-07-20T00:54:38 IST" skipped="0">
  <testcase classname="test.Cashonpicksampom" name="test1" time="3.490"/>
  <system-out/>
</testsuite> <!-- test.Cashonpicksampom -->
